[0620/093111.204:INFO:CONSOLE(0)] "Error with Permissions-Policy header: Feature xr-spatial-tracking's parameters are ignored.", source:  (0)
[0620/093111.205:INFO:CONSOLE(0)] "Error with Permissions-Policy header: Origin trial controlled feature not enabled: 'attribution-reporting'.", source:  (0)
[0620/093111.206:INFO:CONSOLE(0)] "Error with Permissions-Policy header: Unrecognized feature: 'compute-pressure'.", source:  (0)
[0620/093111.207:INFO:CONSOLE(0)] "Error with Permissions-Policy header: Origin trial controlled feature not enabled: 'interest-cohort'.", source:  (0)
[0620/093111.207:INFO:CONSOLE(0)] "Error with Permissions-Policy header: Unrecognized feature: 'private-state-token-issuance'.", source:  (0)
[0620/093111.208:INFO:CONSOLE(0)] "Error with Permissions-Policy header: Origin trial controlled feature not enabled: 'shared-storage'.", source:  (0)
[0620/093111.209:INFO:CONSOLE(0)] "Error with Permissions-Policy header: Unrecognized feature: 'shared-storage-select-url'.", source:  (0)
[0620/093111.209:INFO:CONSOLE(0)] "Error with Permissions-Policy header: Unrecognized feature: 'private-state-token-redemption'.", source:  (0)
[0620/093111.210:INFO:CONSOLE(0)] "Error with Permissions-Policy header: Unrecognized feature: 'unload'.", source:  (0)
[0620/093111.210:INFO:CONSOLE(0)] "Error with Permissions-Policy header: Unrecognized feature: 'window-management'.", source:  (0)
[0620/093111.211:INFO:CONSOLE(0)] "Document-Policy HTTP header: Unrecognized document policy feature name include-js-call-stacks-in-crash-reports.", source: https://web.whatsapp.com/ (0)
[0620/093131.723:INFO:CONSOLE(163)] "Event handler of 'x-storagemutated-1' event must be added on the initial evaluation of worker script.", source: https://static.whatsapp.net/rsrc.php/v4/yc/r/yy_Q9m0VzPT.js (163)
[0620/093209.223:INFO:CONSOLE(163)] "Event handler of 'x-storagemutated-1' event must be added on the initial evaluation of worker script.", source: https://static.whatsapp.net/rsrc.php/v4/yc/r/yy_Q9m0VzPT.js (163)
[0620/093355.082:INFO:CONSOLE(163)] "Event handler of 'x-storagemutated-1' event must be added on the initial evaluation of worker script.", source: https://static.whatsapp.net/rsrc.php/v4/yc/r/yy_Q9m0VzPT.js (163)
[0620/093704.292:INFO:CONSOLE(0)] "Uncaught (in promise) [object Object]", source: https://web.whatsapp.com/ (0)
[0620/093704.379:INFO:CONSOLE(0)] "Uncaught (in promise) [object Object]", source: https://web.whatsapp.com/ (0)
[0620/093704.393:INFO:CONSOLE(0)] "Uncaught (in promise) [object Object]", source: https://web.whatsapp.com/ (0)
[0620/093704.396:INFO:CONSOLE(0)] "Uncaught (in promise) [object Object]", source: https://web.whatsapp.com/ (0)
[0620/093704.497:INFO:CONSOLE(150)] "Uncaught (in promise) [object Object]", source: https://static.whatsapp.net/rsrc.php/v4/yu/r/R6-Uxg_mUAY.js (150)
[0620/093707.633:INFO:CONSOLE(0)] "Uncaught (in promise) [object Object]", source: https://web.whatsapp.com/ (0)
[0620/093707.636:INFO:CONSOLE(150)] "Uncaught (in promise) [object Object]", source: https://static.whatsapp.net/rsrc.php/v4/yu/r/R6-Uxg_mUAY.js (150)
[0620/093707.668:INFO:CONSOLE(0)] "Uncaught (in promise) [object Object]", source: https://web.whatsapp.com/ (0)
[0620/093707.681:INFO:CONSOLE(0)] "Uncaught (in promise) [object Object]", source: https://web.whatsapp.com/ (0)
[0620/093707.732:INFO:CONSOLE(150)] "Uncaught (in promise) [object Object]", source: https://static.whatsapp.net/rsrc.php/v4/yu/r/R6-Uxg_mUAY.js (150)
[0620/093707.757:INFO:CONSOLE(0)] "Uncaught (in promise) [object Object]", source: https://web.whatsapp.com/ (0)
[0620/093709.155:INFO:CONSOLE(163)] "Event handler of 'x-storagemutated-1' event must be added on the initial evaluation of worker script.", source: https://static.whatsapp.net/rsrc.php/v4/yc/r/yy_Q9m0VzPT.js (163)
[0620/093846.880:INFO:CONSOLE(163)] "Event handler of 'x-storagemutated-1' event must be added on the initial evaluation of worker script.", source: https://static.whatsapp.net/rsrc.php/v4/yc/r/yy_Q9m0VzPT.js (163)
[0620/094024.173:INFO:CONSOLE(163)] "Event handler of 'x-storagemutated-1' event must be added on the initial evaluation of worker script.", source: https://static.whatsapp.net/rsrc.php/v4/yc/r/yy_Q9m0VzPT.js (163)
[0620/094127.965:INFO:CONSOLE(163)] "Event handler of 'x-storagemutated-1' event must be added on the initial evaluation of worker script.", source: https://static.whatsapp.net/rsrc.php/v4/yc/r/yy_Q9m0VzPT.js (163)
[0620/094214.309:INFO:CONSOLE(163)] "Event handler of 'x-storagemutated-1' event must be added on the initial evaluation of worker script.", source: https://static.whatsapp.net/rsrc.php/v4/yc/r/yy_Q9m0VzPT.js (163)
[0620/094254.091:INFO:CONSOLE(163)] "Event handler of 'x-storagemutated-1' event must be added on the initial evaluation of worker script.", source: https://static.whatsapp.net/rsrc.php/v4/yc/r/yy_Q9m0VzPT.js (163)
[0620/094412.302:INFO:CONSOLE(1318)] "Failed to parse video contentType: video/mp4; codecs=avc1.42000a", source: https://static.whatsapp.net/rsrc.php/v4iMf_4/yn/l/rt/yv3fIjJIu7O.js (1318)
[0620/094412.304:INFO:CONSOLE(1318)] "Failed to parse video contentType: video/mp4; codecs=hev1.1.6.L93.B0", source: https://static.whatsapp.net/rsrc.php/v4iMf_4/yn/l/rt/yv3fIjJIu7O.js (1318)
[0620/094544.522:INFO:CONSOLE(163)] "Event handler of 'x-storagemutated-1' event must be added on the initial evaluation of worker script.", source: https://static.whatsapp.net/rsrc.php/v4/yc/r/yy_Q9m0VzPT.js (163)
[0620/094709.695:INFO:CONSOLE(163)] "Event handler of 'x-storagemutated-1' event must be added on the initial evaluation of worker script.", source: https://static.whatsapp.net/rsrc.php/v4/yc/r/yy_Q9m0VzPT.js (163)
[0620/094817.910:INFO:CONSOLE(163)] "Event handler of 'x-storagemutated-1' event must be added on the initial evaluation of worker script.", source: https://static.whatsapp.net/rsrc.php/v4/yc/r/yy_Q9m0VzPT.js (163)
[0620/094939.131:INFO:CONSOLE(163)] "Event handler of 'x-storagemutated-1' event must be added on the initial evaluation of worker script.", source: https://static.whatsapp.net/rsrc.php/v4/yc/r/yy_Q9m0VzPT.js (163)
[0620/095055.810:INFO:CONSOLE(163)] "Event handler of 'x-storagemutated-1' event must be added on the initial evaluation of worker script.", source: https://static.whatsapp.net/rsrc.php/v4/yc/r/yy_Q9m0VzPT.js (163)
[0620/095251.793:INFO:CONSOLE(163)] "Event handler of 'x-storagemutated-1' event must be added on the initial evaluation of worker script.", source: https://static.whatsapp.net/rsrc.php/v4/yc/r/yy_Q9m0VzPT.js (163)
[0620/095400.478:INFO:CONSOLE(163)] "Event handler of 'x-storagemutated-1' event must be added on the initial evaluation of worker script.", source: https://static.whatsapp.net/rsrc.php/v4/yc/r/yy_Q9m0VzPT.js (163)
[0620/095727.020:INFO:CONSOLE(163)] "Event handler of 'x-storagemutated-1' event must be added on the initial evaluation of worker script.", source: https://static.whatsapp.net/rsrc.php/v4/yc/r/yy_Q9m0VzPT.js (163)
[0620/095819.443:INFO:CONSOLE(163)] "Event handler of 'x-storagemutated-1' event must be added on the initial evaluation of worker script.", source: https://static.whatsapp.net/rsrc.php/v4/yc/r/yy_Q9m0VzPT.js (163)
[0620/095935.052:INFO:CONSOLE(163)] "Event handler of 'x-storagemutated-1' event must be added on the initial evaluation of worker script.", source: https://static.whatsapp.net/rsrc.php/v4/yc/r/yy_Q9m0VzPT.js (163)
[0620/100138.895:INFO:CONSOLE(163)] "Event handler of 'x-storagemutated-1' event must be added on the initial evaluation of worker script.", source: https://static.whatsapp.net/rsrc.php/v4/yc/r/yy_Q9m0VzPT.js (163)
[0620/100230.891:INFO:CONSOLE(163)] "Event handler of 'x-storagemutated-1' event must be added on the initial evaluation of worker script.", source: https://static.whatsapp.net/rsrc.php/v4/yc/r/yy_Q9m0VzPT.js (163)
[0620/100338.481:INFO:CONSOLE(163)] "Event handler of 'x-storagemutated-1' event must be added on the initial evaluation of worker script.", source: https://static.whatsapp.net/rsrc.php/v4/yc/r/yy_Q9m0VzPT.js (163)
[0620/100614.839:INFO:CONSOLE(163)] "Event handler of 'x-storagemutated-1' event must be added on the initial evaluation of worker script.", source: https://static.whatsapp.net/rsrc.php/v4/yc/r/yy_Q9m0VzPT.js (163)
[0620/100905.445:INFO:CONSOLE(163)] "Event handler of 'x-storagemutated-1' event must be added on the initial evaluation of worker script.", source: https://static.whatsapp.net/rsrc.php/v4/yc/r/yy_Q9m0VzPT.js (163)
[0620/100940.261:INFO:CONSOLE(163)] "Event handler of 'x-storagemutated-1' event must be added on the initial evaluation of worker script.", source: https://static.whatsapp.net/rsrc.php/v4/yc/r/yy_Q9m0VzPT.js (163)
[0620/101121.755:INFO:CONSOLE(163)] "Event handler of 'x-storagemutated-1' event must be added on the initial evaluation of worker script.", source: https://static.whatsapp.net/rsrc.php/v4/yc/r/yy_Q9m0VzPT.js (163)
[0620/101340.179:INFO:CONSOLE(0)] "Uncaught (in promise) [object Object]", source: https://web.whatsapp.com/ (0)
[0620/101421.609:INFO:CONSOLE(4)] "Uncaught (in promise) Error: Evaluation failed: TypeError: Cannot read properties of undefined (reading '_serialized')
    at pptr://__puppeteer_evaluation_script__:552:35
    at Array.filter (<anonymous>)
    at window.WWebJS.getChatModel (pptr://__puppeteer_evaluation_script__:552:18)
    at async window.WWebJS.getChat (pptr://__puppeteer_evaluation_script__:490:15)
    at async pptr://__puppeteer_evaluation_script__:2:20", source: https://web.whatsapp.com/ (4)
[0620/101423.687:INFO:CONSOLE(163)] "Event handler of 'x-storagemutated-1' event must be added on the initial evaluation of worker script.", source: https://static.whatsapp.net/rsrc.php/v4/yc/r/yy_Q9m0VzPT.js (163)
[0620/101640.256:INFO:CONSOLE(163)] "Event handler of 'x-storagemutated-1' event must be added on the initial evaluation of worker script.", source: https://static.whatsapp.net/rsrc.php/v4/yc/r/yy_Q9m0VzPT.js (163)
[0620/101904.393:INFO:CONSOLE(163)] "Event handler of 'x-storagemutated-1' event must be added on the initial evaluation of worker script.", source: https://static.whatsapp.net/rsrc.php/v4/yc/r/yy_Q9m0VzPT.js (163)
[0620/101945.015:INFO:CONSOLE(163)] "Event handler of 'x-storagemutated-1' event must be added on the initial evaluation of worker script.", source: https://static.whatsapp.net/rsrc.php/v4/yc/r/yy_Q9m0VzPT.js (163)
[0620/102145.448:INFO:CONSOLE(163)] "Event handler of 'x-storagemutated-1' event must be added on the initial evaluation of worker script.", source: https://static.whatsapp.net/rsrc.php/v4/yc/r/yy_Q9m0VzPT.js (163)
